<?xml version="1.0" encoding="UTF-8"?>
<!-- Generated by org.testng.reporters.JUnitReportReporter -->
<testsuite hostname="LAPTOP-OPTCNUC2" failures="0" tests="1" name="LibertyMutal_Page_Object.LibertyMutual_PageObject" time="18.728" errors="0" timestamp="2020-06-18T04:18:27 EDT" skipped="0">
  <testcase classname="LibertyMutal_Page_Object.LibertyMutual_PageObject" name="LibertyMutual_PageObject" time="18.728"/>
  <system-out/>
</testsuite> <!-- LibertyMutal_Page_Object.LibertyMutual_PageObject -->
