<?xml version="1.0" encoding="UTF-8"?>
<!-- Generated by org.testng.reporters.JUnitReportReporter -->
<testsuite hostname="LAPTOP-OPTCNUC2" failures="0" tests="1" name="Day11_05172020.Google_Search_TestNG" time="18.573" errors="0" timestamp="2020-05-17T12:49:48 EDT" skipped="0">
  <testcase classname="Day11_05172020.Google_Search_TestNG" name="googleSearch" time="18.573"/>
  <system-out>
Entering a value on elementSearchField unable to submit on elementSubmit button unable to capture text capture text My search number for car is 1,640,000,000 Entering a value on elementSearchField unable to submit on elementSubmit button unable to capture text capture text My search number for car is 579,000,000  </system-out>
</testsuite> <!-- Day11_05172020.Google_Search_TestNG -->
