<?xml version="1.0" encoding="UTF-8"?>
<!-- Generated by org.testng.reporters.JUnitReportReporter -->
<testsuite hostname="LAPTOP-OPTCNUC2" failures="0" tests="1" name="Day_13_05302020.Interview_Questions_TestNG" time="0.015" errors="0" timestamp="2020-06-06T23:52:14 EDT" skipped="0">
  <testcase classname="Day_13_05302020.Interview_Questions_TestNG" name="ListValues" time="0.015"/>
  <system-out/>
</testsuite> <!-- Day_13_05302020.Interview_Questions_TestNG -->
