<?xml version="1.0" encoding="UTF-8"?>
<!-- Generated by org.testng.reporters.JUnitReportReporter -->
<testsuite hostname="LAPTOP-OPTCNUC2" failures="0" tests="1" name="IFrames.iFrame_examples" time="12.065" errors="0"
           timestamp="2020-07-15T16:24:25 EDT" skipped="0">
    <testcase classname="IFrames.iFrame_examples" name="iFrame" time="12.065"/>
    <system-out/>
</testsuite> <!-- IFrames.iFrame_examples -->
