<?xml version="1.0" encoding="UTF-8"?>
<!-- Generated by org.testng.reporters.JUnitReportReporter -->
<testsuite hostname="LAPTOP-OPTCNUC2" failures="0" tests="1" name="Day_12_05182020.Google_Search_TestNG" time="55.424" errors="0" timestamp="2020-05-19T18:30:37 EDT" skipped="0">
  <testcase classname="Day_12_05182020.Google_Search_TestNG" name="googleSearch" time="55.424"/>
  <system-out>
Entering a value on elementSearch Field unable to submit on elementGoogle Search Button unable to capture text Search Results Entering a value on elementSearch Field unable to submit on elementGoogle Search Button unable to capture text Search Results Entering a value on elementSearch Field unable to submit on elementGoogle Search Button unable to capture text Search Results Entering a value on elementSearch Field unable to submit on elementGoogle Search Button unable to capture text Search Results Entering a value on elementSearch Field unable to submit on elementGoogle Search Button unable to capture text Search Results Entering a value on elementSearch Field unable to submit on elementGoogle Search Button unable to capture text Search Results Entering a value on elementSearch Field unable to submit on elementGoogle Search Button unable to capture text Search Results Entering a value on elementSearch Field unable to submit on elementGoogle Search Button unable to capture text Search Results  </system-out>
</testsuite> <!-- Day_12_05182020.Google_Search_TestNG -->
