<?xml version="1.0" encoding="UTF-8"?>
<!-- Generated by org.testng.reporters.JUnitReportReporter -->
<testsuite hostname="LAPTOP-OPTCNUC2" failures="0" tests="1" name="Day_13_05302020.List_Boolean" time="72.390" errors="0" timestamp="2020-05-30T12:04:13 EDT" skipped="0">
  <testcase classname="Day_13_05302020.List_Boolean" name="yahoo_verification" time="72.390"/>
  <system-out/>
</testsuite> <!-- Day_13_05302020.List_Boolean -->
