<?xml version="1.0" encoding="UTF-8"?>
<!-- Generated by org.testng.reporters.JUnitReportReporter -->
<testsuite hostname="LAPTOP-OPTCNUC2" failures="0" tests="1" name="Day_13_05302020.ActionItem_weightWatcher_Abstract" time="56.372" errors="0" timestamp="2020-06-04T00:06:04 EDT" skipped="0">
  <testcase classname="Day_13_05302020.ActionItem_weightWatcher_Abstract" name="WeightWatcher" time="56.372"/>
  <system-out/>
</testsuite> <!-- Day_13_05302020.ActionItem_weightWatcher_Abstract -->
