<?xml version="1.0" encoding="UTF-8"?>
<!-- Generated by org.testng.reporters.JUnitReportReporter -->
<testsuite hostname="LAPTOP-OPTCNUC2" failures="0" tests="1" name="Day_15_06062020.Yahoo_PageObject_Serach_Results" time="18.318" errors="0" timestamp="2020-06-06T13:58:48 EDT" skipped="0">
  <testcase classname="Day_15_06062020.Yahoo_PageObject_Serach_Results" name="Yahoo_Search_Results" time="18.318"/>
  <system-out/>
</testsuite> <!-- Day_15_06062020.Yahoo_PageObject_Serach_Results -->
