<?xml version="1.0" encoding="UTF-8"?>
<!-- Generated by org.testng.reporters.JUnitReportReporter -->
<testsuite hostname="LAPTOP-OPTCNUC2" failures="0" tests="1" name="Day11_05172020.Kayak_Action_Item" time="109.757" errors="0" timestamp="2020-05-20T00:48:17 EDT" skipped="0">
  <testcase classname="Day11_05172020.Kayak_Action_Item" name="KayakCarSelect" time="109.757"/>
  <system-out>
Entering a value on elementEnter AirportName Entering a value on element End Date Entering a value on element Start Date unable to capture text Results Entering a value on elementEnter AirportName Entering a value on element End Date Entering a value on element Start Date unable to capture text Results Entering a value on elementEnter AirportName Entering a value on element End Date Entering a value on element Start Date unable to capture text Results  </system-out>
</testsuite> <!-- Day11_05172020.Kayak_Action_Item -->
