<?xml version="1.0" encoding="UTF-8"?>
<!-- Generated by org.testng.reporters.JUnitReportReporter -->
<testsuite hostname="LAPTOP-OPTCNUC2" failures="0" tests="1" name="LibertyMutal_Page_Object.LibertyMutual_PageObject"
           time="17.204" errors="0" timestamp="2020-06-21T13:43:47 EDT" skipped="0">
    <testcase classname="LibertyMutal_Page_Object.LibertyMutual_PageObject" name="LibertyMutual_PageObject"
              time="17.204"/>
    <system-out/>
</testsuite> <!-- LibertyMutal_Page_Object.LibertyMutual_PageObject -->
