<?xml version="1.0" encoding="UTF-8"?>
<!-- Generated by org.testng.reporters.JUnitReportReporter -->
<testsuite hostname="LAPTOP-OPTCNUC2" failures="0" tests="1" name="Day11_05172020.Google_Search_TestNG" time="19.447" errors="0" timestamp="2020-06-11T21:37:04 EDT" skipped="0">
  <testcase classname="Day11_05172020.Google_Search_TestNG" name="googleSearch" time="19.447"/>
  <system-out>
Entering a value on elementSearchField unable to submit on elementSubmit button unable to capture text capture text My search number for car is 1,490,000,000 Entering a value on elementSearchField unable to submit on elementSubmit button unable to capture text capture text My search number for car is 406,000,000  </system-out>
</testsuite> <!-- Day11_05172020.Google_Search_TestNG -->
