<?xml version="1.0" encoding="UTF-8"?>
<!-- Generated by org.testng.reporters.JUnitReportReporter -->
<testsuite hostname="LAPTOP-OPTCNUC2" failures="0" tests="1" name="Day_16_06072020.MetLife_AI_PageObject" time="101.721" errors="0" timestamp="2020-06-17T00:12:44 EDT" skipped="0">
  <testcase classname="Day_16_06072020.MetLife_AI_PageObject" name="MetLife_Page_Object" time="101.721"/>
  <system-out/>
</testsuite> <!-- Day_16_06072020.MetLife_AI_PageObject -->
