<?xml version="1.0" encoding="UTF-8"?>
<!-- Generated by org.testng.reporters.JUnitReportReporter -->
<testsuite hostname="LAPTOP-OPTCNUC2" failures="0" tests="1" name="Day_13_05302020.List_Boolean_htmlLogs" time="9.718" errors="0" timestamp="2020-05-30T12:57:45 EDT" skipped="0">
  <testcase classname="Day_13_05302020.List_Boolean_htmlLogs" name="yahoo_verification" time="9.718"/>
  <system-out/>
</testsuite> <!-- Day_13_05302020.List_Boolean_htmlLogs -->
