<?xml version="1.0" encoding="UTF-8"?>
<!-- Generated by org.testng.reporters.JUnitReportReporter -->
<testsuite hostname="LAPTOP-OPTCNUC2" failures="0" tests="1" name="Metlife_Page_Object.MetLife_AI_PageObject" time="100.342" errors="0" timestamp="2020-06-12T22:31:28 EDT" skipped="0">
  <testcase classname="Metlife_Page_Object.MetLife_AI_PageObject" name="MetLife_Page_Object" time="100.342"/>
  <system-out/>
</testsuite> <!-- Metlife_Page_Object.MetLife_AI_PageObject -->
