<?xml version="1.0" encoding="UTF-8"?>
<!-- Generated by org.testng.reporters.JUnitReportReporter -->
<testsuite hostname="LAPTOP-OPTCNUC2" failures="0" tests="1" name="Day_16_06072020.Yahoo_PageObject_Serach_Results" time="33.516" errors="0" timestamp="2020-06-17T01:41:53 EDT" skipped="0">
  <testcase classname="Day_16_06072020.Yahoo_PageObject_Serach_Results" name="Yahoo_Search_Results" time="33.516"/>
  <system-out/>
</testsuite> <!-- Day_16_06072020.Yahoo_PageObject_Serach_Results -->
