<?xml version="1.0" encoding="UTF-8"?>
<!-- Generated by org.testng.reporters.JUnitReportReporter -->
<testsuite hostname="LAPTOP-OPTCNUC2" failures="0" tests="1" name="Day_13_05302020.Action_Item_MetLife_TestNG" time="98.611" errors="0" timestamp="2020-06-04T23:11:08 EDT" skipped="0">
  <testcase classname="Day_13_05302020.Action_Item_MetLife_TestNG" name="MetLife" time="98.611"/>
  <system-out/>
</testsuite> <!-- Day_13_05302020.Action_Item_MetLife_TestNG -->
